<?xml version="1.0" ?>
<coverage version="7.5.4" timestamp="1719488655238" lines-valid="358" lines-covered="286" line-rate="0.7989" branches-covered="0" branches-valid="0" branch-rate="0" complexity="0">
	<!-- Generated by coverage.py: https://coverage.readthedocs.io/en/7.5.4 -->
	<!-- Based on https://raw.githubusercontent.com/cobertura/web/master/htdocs/xml/coverage-04.dtd -->
	<sources>
		<source>/mnt/c/Users/User/Desktop/python-project-lvl4</source>
	</sources>
	<packages>
		<package name="task_manager" line-rate="0.5867" branch-rate="0" complexity="0">
			<classes>
				<class name="__init__.py" filename="task_manager/__init__.py" complexity="0" line-rate="1" branch-rate="0">
					<methods/>
					<lines/>
				</class>
				<class name="asgi.py" filename="task_manager/asgi.py" complexity="0" line-rate="0" branch-rate="0">
					<methods/>
					<lines>
						<line number="10" hits="0"/>
						<line number="12" hits="0"/>
						<line number="14" hits="0"/>
						<line number="16" hits="0"/>
					</lines>
				</class>
				<class name="mixins.py" filename="task_manager/mixins.py" complexity="0" line-rate="0.5556" branch-rate="0">
					<methods/>
					<lines>
						<line number="1" hits="1"/>
						<line number="2" hits="1"/>
						<line number="3" hits="1"/>
						<line number="4" hits="1"/>
						<line number="5" hits="1"/>
						<line number="6" hits="1"/>
						<line number="7" hits="1"/>
						<line number="8" hits="1"/>
						<line number="11" hits="1"/>
						<line number="12" hits="1"/>
						<line number="14" hits="1"/>
						<line number="15" hits="0"/>
						<line number="16" hits="0"/>
						<line number="17" hits="0"/>
						<line number="18" hits="0"/>
						<line number="21" hits="1"/>
						<line number="22" hits="1"/>
						<line number="23" hits="1"/>
						<line number="25" hits="1"/>
						<line number="26" hits="0"/>
						<line number="27" hits="0"/>
						<line number="28" hits="0"/>
						<line number="29" hits="0"/>
						<line number="30" hits="0"/>
						<line number="31" hits="0"/>
						<line number="33" hits="1"/>
						<line number="34" hits="0"/>
						<line number="35" hits="0"/>
						<line number="38" hits="1"/>
						<line number="39" hits="1"/>
						<line number="40" hits="1"/>
						<line number="42" hits="1"/>
						<line number="43" hits="0"/>
						<line number="44" hits="0"/>
						<line number="45" hits="0"/>
						<line number="46" hits="0"/>
						<line number="47" hits="0"/>
						<line number="50" hits="1"/>
						<line number="51" hits="1"/>
						<line number="52" hits="1"/>
						<line number="54" hits="1"/>
						<line number="55" hits="0"/>
						<line number="57" hits="1"/>
						<line number="58" hits="0"/>
						<line number="59" hits="0"/>
					</lines>
				</class>
				<class name="urls.py" filename="task_manager/urls.py" complexity="0" line-rate="1" branch-rate="0">
					<methods/>
					<lines>
						<line number="17" hits="1"/>
						<line number="18" hits="1"/>
						<line number="19" hits="1"/>
						<line number="22" hits="1"/>
					</lines>
				</class>
				<class name="views.py" filename="task_manager/views.py" complexity="0" line-rate="0.8333" branch-rate="0">
					<methods/>
					<lines>
						<line number="1" hits="1"/>
						<line number="2" hits="1"/>
						<line number="3" hits="1"/>
						<line number="4" hits="1"/>
						<line number="5" hits="1"/>
						<line number="6" hits="1"/>
						<line number="9" hits="1"/>
						<line number="10" hits="1"/>
						<line number="13" hits="1"/>
						<line number="14" hits="1"/>
						<line number="15" hits="1"/>
						<line number="16" hits="1"/>
						<line number="19" hits="1"/>
						<line number="20" hits="1"/>
						<line number="22" hits="1"/>
						<line number="23" hits="0"/>
						<line number="24" hits="0"/>
						<line number="25" hits="0"/>
					</lines>
				</class>
				<class name="wsgi.py" filename="task_manager/wsgi.py" complexity="0" line-rate="0" branch-rate="0">
					<methods/>
					<lines>
						<line number="10" hits="0"/>
						<line number="12" hits="0"/>
						<line number="14" hits="0"/>
						<line number="16" hits="0"/>
					</lines>
				</class>
			</classes>
		</package>
		<package name="task_manager.labels" line-rate="0.9808" branch-rate="0" complexity="0">
			<classes>
				<class name="__init__.py" filename="task_manager/labels/__init__.py" complexity="0" line-rate="1" branch-rate="0">
					<methods/>
					<lines/>
				</class>
				<class name="admin.py" filename="task_manager/labels/admin.py" complexity="0" line-rate="1" branch-rate="0">
					<methods/>
					<lines/>
				</class>
				<class name="apps.py" filename="task_manager/labels/apps.py" complexity="0" line-rate="1" branch-rate="0">
					<methods/>
					<lines>
						<line number="1" hits="1"/>
						<line number="4" hits="1"/>
						<line number="5" hits="1"/>
						<line number="6" hits="1"/>
					</lines>
				</class>
				<class name="forms.py" filename="task_manager/labels/forms.py" complexity="0" line-rate="1" branch-rate="0">
					<methods/>
					<lines>
						<line number="1" hits="1"/>
						<line number="2" hits="1"/>
						<line number="3" hits="1"/>
						<line number="6" hits="1"/>
						<line number="8" hits="1"/>
						<line number="14" hits="1"/>
						<line number="15" hits="1"/>
						<line number="16" hits="1"/>
					</lines>
				</class>
				<class name="models.py" filename="task_manager/labels/models.py" complexity="0" line-rate="0.9" branch-rate="0">
					<methods/>
					<lines>
						<line number="1" hits="1"/>
						<line number="2" hits="1"/>
						<line number="5" hits="1"/>
						<line number="6" hits="1"/>
						<line number="12" hits="1"/>
						<line number="17" hits="1"/>
						<line number="18" hits="0"/>
						<line number="20" hits="1"/>
						<line number="21" hits="1"/>
						<line number="22" hits="1"/>
					</lines>
				</class>
				<class name="urls.py" filename="task_manager/labels/urls.py" complexity="0" line-rate="1" branch-rate="0">
					<methods/>
					<lines>
						<line number="1" hits="1"/>
						<line number="2" hits="1"/>
						<line number="10" hits="1"/>
					</lines>
				</class>
				<class name="views.py" filename="task_manager/labels/views.py" complexity="0" line-rate="1" branch-rate="0">
					<methods/>
					<lines>
						<line number="1" hits="1"/>
						<line number="2" hits="1"/>
						<line number="3" hits="1"/>
						<line number="4" hits="1"/>
						<line number="5" hits="1"/>
						<line number="6" hits="1"/>
						<line number="7" hits="1"/>
						<line number="10" hits="1"/>
						<line number="11" hits="1"/>
						<line number="12" hits="1"/>
						<line number="13" hits="1"/>
						<line number="16" hits="1"/>
						<line number="17" hits="1"/>
						<line number="18" hits="1"/>
						<line number="19" hits="1"/>
						<line number="20" hits="1"/>
						<line number="23" hits="1"/>
						<line number="24" hits="1"/>
						<line number="27" hits="1"/>
						<line number="28" hits="1"/>
						<line number="31" hits="1"/>
						<line number="34" hits="1"/>
						<line number="35" hits="1"/>
						<line number="36" hits="1"/>
						<line number="37" hits="1"/>
						<line number="38" hits="1"/>
						<line number="40" hits="1"/>
					</lines>
				</class>
			</classes>
		</package>
		<package name="task_manager.labels.migrations" line-rate="0" branch-rate="0" complexity="0">
			<classes>
				<class name="0001_initial.py" filename="task_manager/labels/migrations/0001_initial.py" complexity="0" line-rate="0" branch-rate="0">
					<methods/>
					<lines>
						<line number="3" hits="0"/>
						<line number="6" hits="0"/>
						<line number="8" hits="0"/>
						<line number="10" hits="0"/>
						<line number="12" hits="0"/>
					</lines>
				</class>
				<class name="__init__.py" filename="task_manager/labels/migrations/__init__.py" complexity="0" line-rate="1" branch-rate="0">
					<methods/>
					<lines/>
				</class>
			</classes>
		</package>
		<package name="task_manager.statuses" line-rate="0.9808" branch-rate="0" complexity="0">
			<classes>
				<class name="__init__.py" filename="task_manager/statuses/__init__.py" complexity="0" line-rate="1" branch-rate="0">
					<methods/>
					<lines/>
				</class>
				<class name="admin.py" filename="task_manager/statuses/admin.py" complexity="0" line-rate="1" branch-rate="0">
					<methods/>
					<lines/>
				</class>
				<class name="apps.py" filename="task_manager/statuses/apps.py" complexity="0" line-rate="1" branch-rate="0">
					<methods/>
					<lines>
						<line number="1" hits="1"/>
						<line number="4" hits="1"/>
						<line number="5" hits="1"/>
						<line number="6" hits="1"/>
					</lines>
				</class>
				<class name="forms.py" filename="task_manager/statuses/forms.py" complexity="0" line-rate="1" branch-rate="0">
					<methods/>
					<lines>
						<line number="1" hits="1"/>
						<line number="2" hits="1"/>
						<line number="3" hits="1"/>
						<line number="6" hits="1"/>
						<line number="8" hits="1"/>
						<line number="14" hits="1"/>
						<line number="15" hits="1"/>
						<line number="16" hits="1"/>
					</lines>
				</class>
				<class name="models.py" filename="task_manager/statuses/models.py" complexity="0" line-rate="0.9" branch-rate="0">
					<methods/>
					<lines>
						<line number="1" hits="1"/>
						<line number="2" hits="1"/>
						<line number="5" hits="1"/>
						<line number="6" hits="1"/>
						<line number="10" hits="1"/>
						<line number="14" hits="1"/>
						<line number="15" hits="0"/>
						<line number="17" hits="1"/>
						<line number="18" hits="1"/>
						<line number="19" hits="1"/>
					</lines>
				</class>
				<class name="urls.py" filename="task_manager/statuses/urls.py" complexity="0" line-rate="1" branch-rate="0">
					<methods/>
					<lines>
						<line number="1" hits="1"/>
						<line number="2" hits="1"/>
						<line number="9" hits="1"/>
					</lines>
				</class>
				<class name="views.py" filename="task_manager/statuses/views.py" complexity="0" line-rate="1" branch-rate="0">
					<methods/>
					<lines>
						<line number="1" hits="1"/>
						<line number="2" hits="1"/>
						<line number="3" hits="1"/>
						<line number="4" hits="1"/>
						<line number="5" hits="1"/>
						<line number="6" hits="1"/>
						<line number="7" hits="1"/>
						<line number="10" hits="1"/>
						<line number="11" hits="1"/>
						<line number="12" hits="1"/>
						<line number="13" hits="1"/>
						<line number="16" hits="1"/>
						<line number="17" hits="1"/>
						<line number="18" hits="1"/>
						<line number="19" hits="1"/>
						<line number="20" hits="1"/>
						<line number="23" hits="1"/>
						<line number="24" hits="1"/>
						<line number="27" hits="1"/>
						<line number="28" hits="1"/>
						<line number="31" hits="1"/>
						<line number="34" hits="1"/>
						<line number="35" hits="1"/>
						<line number="36" hits="1"/>
						<line number="37" hits="1"/>
						<line number="38" hits="1"/>
						<line number="40" hits="1"/>
					</lines>
				</class>
			</classes>
		</package>
		<package name="task_manager.statuses.migrations" line-rate="0" branch-rate="0" complexity="0">
			<classes>
				<class name="0001_initial.py" filename="task_manager/statuses/migrations/0001_initial.py" complexity="0" line-rate="0" branch-rate="0">
					<methods/>
					<lines>
						<line number="3" hits="0"/>
						<line number="6" hits="0"/>
						<line number="8" hits="0"/>
						<line number="10" hits="0"/>
						<line number="13" hits="0"/>
					</lines>
				</class>
				<class name="__init__.py" filename="task_manager/statuses/migrations/__init__.py" complexity="0" line-rate="1" branch-rate="0">
					<methods/>
					<lines/>
				</class>
			</classes>
		</package>
		<package name="task_manager.tasks" line-rate="0.9195" branch-rate="0" complexity="0">
			<classes>
				<class name="__init__.py" filename="task_manager/tasks/__init__.py" complexity="0" line-rate="1" branch-rate="0">
					<methods/>
					<lines/>
				</class>
				<class name="admin.py" filename="task_manager/tasks/admin.py" complexity="0" line-rate="1" branch-rate="0">
					<methods/>
					<lines/>
				</class>
				<class name="apps.py" filename="task_manager/tasks/apps.py" complexity="0" line-rate="1" branch-rate="0">
					<methods/>
					<lines>
						<line number="1" hits="1"/>
						<line number="4" hits="1"/>
						<line number="5" hits="1"/>
						<line number="6" hits="1"/>
					</lines>
				</class>
				<class name="forms.py" filename="task_manager/tasks/forms.py" complexity="0" line-rate="0.8" branch-rate="0">
					<methods/>
					<lines>
						<line number="1" hits="1"/>
						<line number="2" hits="1"/>
						<line number="3" hits="1"/>
						<line number="4" hits="1"/>
						<line number="5" hits="1"/>
						<line number="8" hits="1"/>
						<line number="9" hits="1"/>
						<line number="10" hits="1"/>
						<line number="11" hits="1"/>
						<line number="14" hits="1"/>
						<line number="15" hits="1"/>
						<line number="16" hits="1"/>
						<line number="21" hits="1"/>
						<line number="22" hits="0"/>
						<line number="23" hits="0"/>
						<line number="24" hits="0"/>
						<line number="25" hits="0"/>
						<line number="27" hits="1"/>
						<line number="28" hits="1"/>
						<line number="29" hits="1"/>
					</lines>
				</class>
				<class name="models.py" filename="task_manager/tasks/models.py" complexity="0" line-rate="0.9524" branch-rate="0">
					<methods/>
					<lines>
						<line number="1" hits="1"/>
						<line number="2" hits="1"/>
						<line number="3" hits="1"/>
						<line number="4" hits="1"/>
						<line number="5" hits="1"/>
						<line number="8" hits="1"/>
						<line number="9" hits="1"/>
						<line number="14" hits="1"/>
						<line number="19" hits="1"/>
						<line number="23" hits="1"/>
						<line number="28" hits="1"/>
						<line number="34" hits="1"/>
						<line number="40" hits="1"/>
						<line number="48" hits="1"/>
						<line number="49" hits="0"/>
						<line number="51" hits="1"/>
						<line number="52" hits="1"/>
						<line number="53" hits="1"/>
						<line number="56" hits="1"/>
						<line number="57" hits="1"/>
						<line number="58" hits="1"/>
					</lines>
				</class>
				<class name="urls.py" filename="task_manager/tasks/urls.py" complexity="0" line-rate="1" branch-rate="0">
					<methods/>
					<lines>
						<line number="1" hits="1"/>
						<line number="2" hits="1"/>
						<line number="10" hits="1"/>
					</lines>
				</class>
				<class name="views.py" filename="task_manager/tasks/views.py" complexity="0" line-rate="0.9487" branch-rate="0">
					<methods/>
					<lines>
						<line number="1" hits="1"/>
						<line number="2" hits="1"/>
						<line number="3" hits="1"/>
						<line number="4" hits="1"/>
						<line number="5" hits="1"/>
						<line number="6" hits="1"/>
						<line number="7" hits="1"/>
						<line number="8" hits="1"/>
						<line number="11" hits="1"/>
						<line number="12" hits="1"/>
						<line number="13" hits="1"/>
						<line number="14" hits="1"/>
						<line number="15" hits="1"/>
						<line number="18" hits="1"/>
						<line number="19" hits="1"/>
						<line number="20" hits="1"/>
						<line number="21" hits="1"/>
						<line number="24" hits="1"/>
						<line number="25" hits="1"/>
						<line number="26" hits="1"/>
						<line number="27" hits="1"/>
						<line number="28" hits="1"/>
						<line number="29" hits="1"/>
						<line number="31" hits="1"/>
						<line number="32" hits="0"/>
						<line number="33" hits="0"/>
						<line number="36" hits="1"/>
						<line number="37" hits="1"/>
						<line number="38" hits="1"/>
						<line number="39" hits="1"/>
						<line number="40" hits="1"/>
						<line number="41" hits="1"/>
						<line number="44" hits="1"/>
						<line number="47" hits="1"/>
						<line number="48" hits="1"/>
						<line number="49" hits="1"/>
						<line number="50" hits="1"/>
						<line number="51" hits="1"/>
						<line number="52" hits="1"/>
					</lines>
				</class>
			</classes>
		</package>
		<package name="task_manager.tasks.migrations" line-rate="0" branch-rate="0" complexity="0">
			<classes>
				<class name="0001_initial.py" filename="task_manager/tasks/migrations/0001_initial.py" complexity="0" line-rate="0" branch-rate="0">
					<methods/>
					<lines>
						<line number="3" hits="0"/>
						<line number="6" hits="0"/>
						<line number="8" hits="0"/>
						<line number="10" hits="0"/>
						<line number="13" hits="0"/>
					</lines>
				</class>
				<class name="0002_initial.py" filename="task_manager/tasks/migrations/0002_initial.py" complexity="0" line-rate="0" branch-rate="0">
					<methods/>
					<lines>
						<line number="3" hits="0"/>
						<line number="4" hits="0"/>
						<line number="5" hits="0"/>
						<line number="8" hits="0"/>
						<line number="10" hits="0"/>
						<line number="12" hits="0"/>
						<line number="19" hits="0"/>
					</lines>
				</class>
				<class name="__init__.py" filename="task_manager/tasks/migrations/__init__.py" complexity="0" line-rate="1" branch-rate="0">
					<methods/>
					<lines/>
				</class>
			</classes>
		</package>
		<package name="task_manager.users" line-rate="0.9836" branch-rate="0" complexity="0">
			<classes>
				<class name="__init__.py" filename="task_manager/users/__init__.py" complexity="0" line-rate="1" branch-rate="0">
					<methods/>
					<lines/>
				</class>
				<class name="admin.py" filename="task_manager/users/admin.py" complexity="0" line-rate="1" branch-rate="0">
					<methods/>
					<lines>
						<line number="1" hits="1"/>
						<line number="2" hits="1"/>
						<line number="4" hits="1"/>
					</lines>
				</class>
				<class name="apps.py" filename="task_manager/users/apps.py" complexity="0" line-rate="1" branch-rate="0">
					<methods/>
					<lines>
						<line number="1" hits="1"/>
						<line number="4" hits="1"/>
						<line number="5" hits="1"/>
						<line number="6" hits="1"/>
					</lines>
				</class>
				<class name="forms.py" filename="task_manager/users/forms.py" complexity="0" line-rate="1" branch-rate="0">
					<methods/>
					<lines>
						<line number="1" hits="1"/>
						<line number="2" hits="1"/>
						<line number="3" hits="1"/>
						<line number="4" hits="1"/>
						<line number="7" hits="1"/>
						<line number="9" hits="1"/>
						<line number="12" hits="1"/>
						<line number="16" hits="1"/>
						<line number="17" hits="1"/>
						<line number="18" hits="1"/>
					</lines>
				</class>
				<class name="models.py" filename="task_manager/users/models.py" complexity="0" line-rate="0.8571" branch-rate="0">
					<methods/>
					<lines>
						<line number="1" hits="1"/>
						<line number="2" hits="1"/>
						<line number="5" hits="1"/>
						<line number="6" hits="1"/>
						<line number="7" hits="1"/>
						<line number="9" hits="1"/>
						<line number="10" hits="0"/>
					</lines>
				</class>
				<class name="urls.py" filename="task_manager/users/urls.py" complexity="0" line-rate="1" branch-rate="0">
					<methods/>
					<lines>
						<line number="1" hits="1"/>
						<line number="2" hits="1"/>
						<line number="9" hits="1"/>
					</lines>
				</class>
				<class name="views.py" filename="task_manager/users/views.py" complexity="0" line-rate="1" branch-rate="0">
					<methods/>
					<lines>
						<line number="1" hits="1"/>
						<line number="2" hits="1"/>
						<line number="3" hits="1"/>
						<line number="4" hits="1"/>
						<line number="5" hits="1"/>
						<line number="10" hits="1"/>
						<line number="11" hits="1"/>
						<line number="14" hits="1"/>
						<line number="15" hits="1"/>
						<line number="16" hits="1"/>
						<line number="17" hits="1"/>
						<line number="20" hits="1"/>
						<line number="21" hits="1"/>
						<line number="22" hits="1"/>
						<line number="23" hits="1"/>
						<line number="24" hits="1"/>
						<line number="25" hits="1"/>
						<line number="28" hits="1"/>
						<line number="30" hits="1"/>
						<line number="31" hits="1"/>
						<line number="32" hits="1"/>
						<line number="33" hits="1"/>
						<line number="34" hits="1"/>
						<line number="35" hits="1"/>
						<line number="36" hits="1"/>
						<line number="39" hits="1"/>
						<line number="41" hits="1"/>
						<line number="42" hits="1"/>
						<line number="43" hits="1"/>
						<line number="44" hits="1"/>
						<line number="45" hits="1"/>
						<line number="46" hits="1"/>
						<line number="47" hits="1"/>
						<line number="48" hits="1"/>
					</lines>
				</class>
			</classes>
		</package>
		<package name="task_manager.users.migrations" line-rate="0" branch-rate="0" complexity="0">
			<classes>
				<class name="0001_initial.py" filename="task_manager/users/migrations/0001_initial.py" complexity="0" line-rate="0" branch-rate="0">
					<methods/>
					<lines>
						<line number="3" hits="0"/>
						<line number="4" hits="0"/>
						<line number="5" hits="0"/>
						<line number="6" hits="0"/>
						<line number="7" hits="0"/>
						<line number="10" hits="0"/>
						<line number="12" hits="0"/>
						<line number="14" hits="0"/>
						<line number="18" hits="0"/>
					</lines>
				</class>
				<class name="__init__.py" filename="task_manager/users/migrations/__init__.py" complexity="0" line-rate="1" branch-rate="0">
					<methods/>
					<lines/>
				</class>
			</classes>
		</package>
	</packages>
</coverage>
